<?xml version="1.0" encoding="UTF-8"?>
<testsuite xmlns:xsi="http://www.w3.org/2001/XMLSchema-instance" xsi:schemaLocation="https://maven.apache.org/surefire/maven-surefire-plugin/xsd/surefire-test-report.xsd" name="TestSuite" time="937.363" tests="6" errors="0" skipped="0" failures="1">
  <properties>
[...]
</properties>
  <testcase name="feature" classname="Cucumber_Runner.Runner" time="57.454"/>
  <testcase name="feature" classname="Cucumber_Runner.Runner" time="100.732"/>
  <testcase name="feature" classname="Cucumber_Runner.Runner" time="322.006"/>
  <testcase name="feature" classname="Cucumber_Runner.Runner" time="204.772"/>
  <testcase name="feature" classname="Cucumber_Runner.Runner" time="95.942"/>
  <testcase name="feature" classname="Cucumber_Runner.Runner" time="152.121">
    <failure message="org.openqa.selenium.ElementNotInteractableException: element not interactable&#10;  (Session info: chrome=80.0.3987.122)&#10;Build info: version: &apos;3.12.0&apos;, revision: &apos;7c6e0b3&apos;, time: &apos;2018-05-08T14:04:26.12Z&apos;&#10;System info: host: &apos;DESKTOP-RNTJV4M&apos;, ip: &apos;192.168.1.2&apos;, os.name: &apos;Windows 10&apos;, os.arch: &apos;amd64&apos;, os.version: &apos;10.0&apos;, java.version: &apos;1.8.0_241&apos;&#10;Driver info: org.openqa.selenium.chrome.ChromeDriver&#10;Capabilities {acceptInsecureCerts: false, browserName: chrome, browserVersion: 80.0.3987.122, chrome: {chromedriverVersion: 80.0.3987.16 (320f6526c1632..., userDataDir: C:\Users\RADWAS~1\AppData\L...}, goog:chromeOptions: {debuggerAddress: localhost:58567}, javascriptEnabled: true, networkConnectionEnabled: false, pageLoadStrategy: normal, platform: WINDOWS, platformName: WINDOWS, proxy: Proxy(), setWindowRect: true, strictFileInteractability: false, timeouts: {implicit: 0, pageLoad: 300000, script: 30000}, unhandledPromptBehavior: dismiss and notify}&#10;Session ID: e15e070c2e044363b4db317da6e6cdb0" type="cucumber.runtime.CucumberException">cucumber.runtime.CucumberException: 
org.openqa.selenium.ElementNotInteractableException: element not interactable
  (Session info: chrome=80.0.3987.122)
Build info: version: '3.12.0', revision: '7c6e0b3', time: '2018-05-08T14:04:26.12Z'
System info: host: 'DESKTOP-RNTJV4M', ip: '192.168.1.2', os.name: 'Windows 10', os.arch: 'amd64', os.version: '10.0', java.version: '1.8.0_241'
Driver info: org.openqa.selenium.chrome.ChromeDriver
Capabilities {acceptInsecureCerts: false, browserName: chrome, browserVersion: 80.0.3987.122, chrome: {chromedriverVersion: 80.0.3987.16 (320f6526c1632..., userDataDir: C:\Users\RADWAS~1\AppData\L...}, goog:chromeOptions: {debuggerAddress: localhost:58567}, javascriptEnabled: true, networkConnectionEnabled: false, pageLoadStrategy: normal, platform: WINDOWS, platformName: WINDOWS, proxy: Proxy(), setWindowRect: true, strictFileInteractability: false, timeouts: {implicit: 0, pageLoad: 300000, script: 30000}, unhandledPromptBehavior: dismiss and notify}
Session ID: e15e070c2e044363b4db317da6e6cdb0
Caused by: org.openqa.selenium.ElementNotInteractableException: 
element not interactable
  (Session info: chrome=80.0.3987.122)
Build info: version: '3.12.0', revision: '7c6e0b3', time: '2018-05-08T14:04:26.12Z'
System info: host: 'DESKTOP-RNTJV4M', ip: '192.168.1.2', os.name: 'Windows 10', os.arch: 'amd64', os.version: '10.0', java.version: '1.8.0_241'
Driver info: org.openqa.selenium.chrome.ChromeDriver
Capabilities {acceptInsecureCerts: false, browserName: chrome, browserVersion: 80.0.3987.122, chrome: {chromedriverVersion: 80.0.3987.16 (320f6526c1632..., userDataDir: C:\Users\RADWAS~1\AppData\L...}, goog:chromeOptions: {debuggerAddress: localhost:58567}, javascriptEnabled: true, networkConnectionEnabled: false, pageLoadStrategy: normal, platform: WINDOWS, platformName: WINDOWS, proxy: Proxy(), setWindowRect: true, strictFileInteractability: false, timeouts: {implicit: 0, pageLoad: 300000, script: 30000}, unhandledPromptBehavior: dismiss and notify}
Session ID: e15e070c2e044363b4db317da6e6cdb0
</failure>
    <system-out><![CDATA[Poplar List Dresses
Faded Short Sleeve T-shirts
Blouse
Printed Dress
Printed Dress
Printed Summer Dress
Printed Summer Dress
Printed Chiffon Dress
1
....................................................
Selected Dress Price 16.4
Items in Cart : 1
Total Price in Cart = 16.4
....................................................
]]></system-out>
    <system-err><![CDATA[Starting ChromeDriver 80.0.3987.16 (320f6526c1632ad4f205ebce69b99a062ed78647-refs/branch-heads/3987@{#185}) on port 46340
Only local connections are allowed.
Please protect ports used by ChromeDriver and related test frameworks to prevent access by malicious code.
[1582630524.845][WARNING]: Timed out connecting to Chrome, retrying...
Feb 25, 2020 1:35:26 PM org.openqa.selenium.remote.ProtocolHandshake createSession
INFO: Detected dialect: W3C
[1582630528.866][WARNING]: Timed out connecting to Chrome, retrying...
[1582630532.366][SEVERE]: Timed out receiving message from renderer: 0.100
[1582630532.471][SEVERE]: Timed out receiving message from renderer: 0.100
[1582630532.572][SEVERE]: Timed out receiving message from renderer: 0.100
[1582630532.674][SEVERE]: Timed out receiving message from renderer: 0.100
[1582630532.776][SEVERE]: Timed out receiving message from renderer: 0.100
[1582630532.878][SEVERE]: Timed out receiving message from renderer: 0.100
[1582630532.979][SEVERE]: Timed out receiving message from renderer: 0.100
[1582630533.080][SEVERE]: Timed out receiving message from renderer: 0.100
[1582630533.182][SEVERE]: Timed out receiving message from renderer: 0.100
[1582630533.283][SEVERE]: Timed out receiving message from renderer: 0.100
[1582630533.385][SEVERE]: Timed out receiving message from renderer: 0.100
[1582630533.486][SEVERE]: Timed out receiving message from renderer: 0.100
[1582630533.587][SEVERE]: Timed out receiving message from renderer: 0.100
[1582630533.688][SEVERE]: Timed out receiving message from renderer: 0.100
[1582630533.790][SEVERE]: Timed out receiving message from renderer: 0.100
[1582630533.892][SEVERE]: Timed out receiving message from renderer: 0.100
[1582630533.994][SEVERE]: Timed out receiving message from renderer: 0.100
[1582630534.096][SEVERE]: Timed out receiving message from renderer: 0.100
[1582630534.197][SEVERE]: Timed out receiving message from renderer: 0.100
[1582630534.299][SEVERE]: Timed out receiving message from renderer: 0.100
[1582630534.400][SEVERE]: Timed out receiving message from renderer: 0.100
[1582630534.502][SEVERE]: Timed out receiving message from renderer: 0.100
[1582630534.603][SEVERE]: Timed out receiving message from renderer: 0.100
[1582630534.705][SEVERE]: Timed out receiving message from renderer: 0.100
[1582630534.806][SEVERE]: Timed out receiving message from renderer: 0.100
[1582630534.907][SEVERE]: Timed out receiving message from renderer: 0.100
[1582630535.009][SEVERE]: Timed out receiving message from renderer: 0.100
[1582630535.110][SEVERE]: Timed out receiving message from renderer: 0.100
[1582630535.213][SEVERE]: Timed out receiving message from renderer: 0.100
[1582630535.314][SEVERE]: Timed out receiving message from renderer: 0.100
[1582630535.416][SEVERE]: Timed out receiving message from renderer: 0.100
[1582630535.517][SEVERE]: Timed out receiving message from renderer: 0.100
[1582630535.619][SEVERE]: Timed out receiving message from renderer: 0.100
[1582630535.720][SEVERE]: Timed out receiving message from renderer: 0.100
[1582630535.821][SEVERE]: Timed out receiving message from renderer: 0.100
[1582630535.923][SEVERE]: Timed out receiving message from renderer: 0.100
[1582630536.024][SEVERE]: Timed out receiving message from renderer: 0.100
[1582630536.125][SEVERE]: Timed out receiving message from renderer: 0.100
[1582630536.229][SEVERE]: Timed out receiving message from renderer: 0.100
[1582630536.330][SEVERE]: Timed out receiving message from renderer: 0.100
[1582630536.432][SEVERE]: Timed out receiving message from renderer: 0.100
[1582630536.534][SEVERE]: Timed out receiving message from renderer: 0.100
[1582630536.635][SEVERE]: Timed out receiving message from renderer: 0.100
[1582630536.736][SEVERE]: Timed out receiving message from renderer: 0.100
[1582630536.838][SEVERE]: Timed out receiving message from renderer: 0.100
[1582630536.942][SEVERE]: Timed out receiving message from renderer: 0.100
[1582630537.045][SEVERE]: Timed out receiving message from renderer: 0.100
[1582630537.146][SEVERE]: Timed out receiving message from renderer: 0.100
[1582630537.247][SEVERE]: Timed out receiving message from renderer: 0.100
[1582630537.348][SEVERE]: Timed out receiving message from renderer: 0.100
[1582630537.450][SEVERE]: Timed out receiving message from renderer: 0.100
[1582630537.552][SEVERE]: Timed out receiving message from renderer: 0.100
[1582630537.654][SEVERE]: Timed out receiving message from renderer: 0.100
[1582630537.755][SEVERE]: Timed out receiving message from renderer: 0.100
[1582630537.856][SEVERE]: Timed out receiving message from renderer: 0.100
[1582630537.958][SEVERE]: Timed out receiving message from renderer: 0.100
[1582630538.060][SEVERE]: Timed out receiving message from renderer: 0.100
[1582630538.162][SEVERE]: Timed out receiving message from renderer: 0.100
[1582630538.264][SEVERE]: Timed out receiving message from renderer: 0.100
[1582630538.365][SEVERE]: Timed out receiving message from renderer: 0.100
[1582630538.466][SEVERE]: Timed out receiving message from renderer: 0.100
[1582630538.568][SEVERE]: Timed out receiving message from renderer: 0.100
[1582630538.669][SEVERE]: Timed out receiving message from renderer: 0.100
[1582630538.770][SEVERE]: Timed out receiving message from renderer: 0.100
[1582630538.873][SEVERE]: Timed out receiving message from renderer: 0.100
[1582630538.975][SEVERE]: Timed out receiving message from renderer: 0.100
[1582630539.076][SEVERE]: Timed out receiving message from renderer: 0.100
[1582630539.177][SEVERE]: Timed out receiving message from renderer: 0.100
[1582630539.279][SEVERE]: Timed out receiving message from renderer: 0.100
[1582630539.380][SEVERE]: Timed out receiving message from renderer: 0.100
[1582630539.482][SEVERE]: Timed out receiving message from renderer: 0.100
[1582630539.583][SEVERE]: Timed out receiving message from renderer: 0.100
[1582630539.685][SEVERE]: Timed out receiving message from renderer: 0.100
[1582630539.787][SEVERE]: Timed out receiving message from renderer: 0.100
[1582630539.889][SEVERE]: Timed out receiving message from renderer: 0.100
[1582630539.990][SEVERE]: Timed out receiving message from renderer: 0.100
[1582630540.092][SEVERE]: Timed out receiving message from renderer: 0.100
[1582630540.193][SEVERE]: Timed out receiving message from renderer: 0.100
[1582630540.295][SEVERE]: Timed out receiving message from renderer: 0.100
[1582630540.397][SEVERE]: Timed out receiving message from renderer: 0.100
[1582630540.498][SEVERE]: Timed out receiving message from renderer: 0.100
[1582630540.599][SEVERE]: Timed out receiving message from renderer: 0.100
[1582630540.701][SEVERE]: Timed out receiving message from renderer: 0.100
[1582630540.803][SEVERE]: Timed out receiving message from renderer: 0.100
[1582630540.907][SEVERE]: Timed out receiving message from renderer: 0.100
[1582630541.010][SEVERE]: Timed out receiving message from renderer: 0.100
[1582630541.111][SEVERE]: Timed out receiving message from renderer: 0.100
[1582630541.213][SEVERE]: Timed out receiving message from renderer: 0.100
[1582630541.314][SEVERE]: Timed out receiving message from renderer: 0.100
[1582630541.416][SEVERE]: Timed out receiving message from renderer: 0.100
[1582630541.517][SEVERE]: Timed out receiving message from renderer: 0.100
[1582630541.619][SEVERE]: Timed out receiving message from renderer: 0.100
[1582630541.720][SEVERE]: Timed out receiving message from renderer: 0.100
[1582630541.822][SEVERE]: Timed out receiving message from renderer: 0.100
[1582630541.923][SEVERE]: Timed out receiving message from renderer: 0.100
[1582630542.025][SEVERE]: Timed out receiving message from renderer: 0.100
[1582630542.126][SEVERE]: Timed out receiving message from renderer: 0.100
[1582630542.227][SEVERE]: Timed out receiving message from renderer: 0.100
[1582630542.328][SEVERE]: Timed out receiving message from renderer: 0.100
[1582630542.432][SEVERE]: Timed out receiving message from renderer: 0.100
[1582630542.533][SEVERE]: Timed out receiving message from renderer: 0.100
[1582630542.635][SEVERE]: Timed out receiving message from renderer: 0.100
[1582630542.737][SEVERE]: Timed out receiving message from renderer: 0.100
[1582630542.840][SEVERE]: Timed out receiving message from renderer: 0.100
[1582630542.946][SEVERE]: Timed out receiving message from renderer: 0.100
[1582630543.048][SEVERE]: Timed out receiving message from renderer: 0.100
[1582630543.149][SEVERE]: Timed out receiving message from renderer: 0.100
[1582630543.251][SEVERE]: Timed out receiving message from renderer: 0.100
[1582630543.353][SEVERE]: Timed out receiving message from renderer: 0.100
[1582630543.455][SEVERE]: Timed out receiving message from renderer: 0.100
[1582630543.556][SEVERE]: Timed out receiving message from renderer: 0.100
[1582630543.658][SEVERE]: Timed out receiving message from renderer: 0.100
[1582630543.759][SEVERE]: Timed out receiving message from renderer: 0.100
[1582630543.860][SEVERE]: Timed out receiving message from renderer: 0.100
[1582630543.961][SEVERE]: Timed out receiving message from renderer: 0.100
[1582630544.062][SEVERE]: Timed out receiving message from renderer: 0.100
[1582630544.164][SEVERE]: Timed out receiving message from renderer: 0.100
[1582630544.265][SEVERE]: Timed out receiving message from renderer: 0.100
[1582630544.369][SEVERE]: Timed out receiving message from renderer: 0.100
[1582630544.471][SEVERE]: Timed out receiving message from renderer: 0.100
[1582630544.572][SEVERE]: Timed out receiving message from renderer: 0.100
[1582630544.673][SEVERE]: Timed out receiving message from renderer: 0.100
[1582630544.775][SEVERE]: Timed out receiving message from renderer: 0.100
[1582630544.876][SEVERE]: Timed out receiving message from renderer: 0.100
[1582630544.978][SEVERE]: Timed out receiving message from renderer: 0.100
[1582630545.079][SEVERE]: Timed out receiving message from renderer: 0.100
[1582630545.181][SEVERE]: Timed out receiving message from renderer: 0.100
[1582630545.282][SEVERE]: Timed out receiving message from renderer: 0.100
[1582630545.383][SEVERE]: Timed out receiving message from renderer: 0.100
[1582630545.484][SEVERE]: Timed out receiving message from renderer: 0.100
[1582630545.586][SEVERE]: Timed out receiving message from renderer: 0.100
[1582630545.688][SEVERE]: Timed out receiving message from renderer: 0.100
[1582630545.789][SEVERE]: Timed out receiving message from renderer: 0.100
[1582630545.891][SEVERE]: Timed out receiving message from renderer: 0.100
[1582630545.992][SEVERE]: Timed out receiving message from renderer: 0.100
[1582630546.094][SEVERE]: Timed out receiving message from renderer: 0.100
[1582630546.196][SEVERE]: Timed out receiving message from renderer: 0.100
[1582630546.297][SEVERE]: Timed out receiving message from renderer: 0.100
[1582630546.399][SEVERE]: Timed out receiving message from renderer: 0.100
[1582630546.500][SEVERE]: Timed out receiving message from renderer: 0.100
[1582630546.602][SEVERE]: Timed out receiving message from renderer: 0.100
[1582630546.703][SEVERE]: Timed out receiving message from renderer: 0.100
[1582630546.805][SEVERE]: Timed out receiving message from renderer: 0.100
[1582630546.906][SEVERE]: Timed out receiving message from renderer: 0.100
[1582630547.008][SEVERE]: Timed out receiving message from renderer: 0.100
[1582630547.109][SEVERE]: Timed out receiving message from renderer: 0.100
[1582630547.211][SEVERE]: Timed out receiving message from renderer: 0.100
[1582630547.312][SEVERE]: Timed out receiving message from renderer: 0.100
[1582630547.413][SEVERE]: Timed out receiving message from renderer: 0.100
[1582630547.515][SEVERE]: Timed out receiving message from renderer: 0.100
[1582630547.616][SEVERE]: Timed out receiving message from renderer: 0.100
[1582630547.718][SEVERE]: Timed out receiving message from renderer: 0.100
[1582630547.820][SEVERE]: Timed out receiving message from renderer: 0.100
[1582630547.921][SEVERE]: Timed out receiving message from renderer: 0.100
[1582630548.022][SEVERE]: Timed out receiving message from renderer: 0.100
[1582630548.123][SEVERE]: Timed out receiving message from renderer: 0.100
[1582630548.225][SEVERE]: Timed out receiving message from renderer: 0.100
[1582630548.329][SEVERE]: Timed out receiving message from renderer: 0.100
[1582630548.431][SEVERE]: Timed out receiving message from renderer: 0.100
[1582630548.532][SEVERE]: Timed out receiving message from renderer: 0.100
[1582630548.633][SEVERE]: Timed out receiving message from renderer: 0.100
[1582630548.735][SEVERE]: Timed out receiving message from renderer: 0.100
[1582630548.836][SEVERE]: Timed out receiving message from renderer: 0.100
[1582630548.937][SEVERE]: Timed out receiving message from renderer: 0.100
[1582630549.038][SEVERE]: Timed out receiving message from renderer: 0.100
[1582630549.140][SEVERE]: Timed out receiving message from renderer: 0.100
[1582630549.242][SEVERE]: Timed out receiving message from renderer: 0.100
[1582630549.343][SEVERE]: Timed out receiving message from renderer: 0.100
[1582630549.445][SEVERE]: Timed out receiving message from renderer: 0.100
[1582630549.546][SEVERE]: Timed out receiving message from renderer: 0.100
[1582630549.647][SEVERE]: Timed out receiving message from renderer: 0.100
[1582630549.749][SEVERE]: Timed out receiving message from renderer: 0.100
[1582630549.852][SEVERE]: Timed out receiving message from renderer: 0.100
[1582630549.953][SEVERE]: Timed out receiving message from renderer: 0.100
[1582630550.055][SEVERE]: Timed out receiving message from renderer: 0.100
[1582630550.156][SEVERE]: Timed out receiving message from renderer: 0.100
[1582630550.258][SEVERE]: Timed out receiving message from renderer: 0.100
[1582630550.361][SEVERE]: Timed out receiving message from renderer: 0.100
[1582630550.462][SEVERE]: Timed out receiving message from renderer: 0.100
[1582630550.564][SEVERE]: Timed out receiving message from renderer: 0.100
[1582630550.666][SEVERE]: Timed out receiving message from renderer: 0.100
[1582630550.767][SEVERE]: Timed out receiving message from renderer: 0.100
[1582630550.869][SEVERE]: Timed out receiving message from renderer: 0.100
[1582630550.970][SEVERE]: Timed out receiving message from renderer: 0.100
[1582630551.071][SEVERE]: Timed out receiving message from renderer: 0.100
[1582630551.173][SEVERE]: Timed out receiving message from renderer: 0.100
[1582630551.275][SEVERE]: Timed out receiving message from renderer: 0.100
[1582630551.378][SEVERE]: Timed out receiving message from renderer: 0.100
[1582630551.479][SEVERE]: Timed out receiving message from renderer: 0.100
[1582630551.581][SEVERE]: Timed out receiving message from renderer: 0.100
[1582630551.683][SEVERE]: Timed out receiving message from renderer: 0.100
[1582630551.784][SEVERE]: Timed out receiving message from renderer: 0.100
[1582630551.886][SEVERE]: Timed out receiving message from renderer: 0.100
[1582630551.988][SEVERE]: Timed out receiving message from renderer: 0.100
[1582630552.090][SEVERE]: Timed out receiving message from renderer: 0.100
[1582630552.191][SEVERE]: Timed out receiving message from renderer: 0.100
[1582630552.292][SEVERE]: Timed out receiving message from renderer: 0.100
[1582630552.393][SEVERE]: Timed out receiving message from renderer: 0.100
[1582630552.495][SEVERE]: Timed out receiving message from renderer: 0.100
[1582630552.596][SEVERE]: Timed out receiving message from renderer: 0.100
[1582630552.697][SEVERE]: Timed out receiving message from renderer: 0.100
[1582630552.799][SEVERE]: Timed out receiving message from renderer: 0.100
[1582630552.901][SEVERE]: Timed out receiving message from renderer: 0.100
[1582630553.002][SEVERE]: Timed out receiving message from renderer: 0.100
[1582630553.103][SEVERE]: Timed out receiving message from renderer: 0.100
[1582630553.204][SEVERE]: Timed out receiving message from renderer: 0.100
[1582630553.306][SEVERE]: Timed out receiving message from renderer: 0.100
[1582630553.408][SEVERE]: Timed out receiving message from renderer: 0.100
[1582630553.509][SEVERE]: Timed out receiving message from renderer: 0.100
[1582630553.610][SEVERE]: Timed out receiving message from renderer: 0.100
[1582630553.713][SEVERE]: Timed out receiving message from renderer: 0.100
[1582630553.817][SEVERE]: Timed out receiving message from renderer: 0.100
[1582630553.919][SEVERE]: Timed out receiving message from renderer: 0.100
[1582630554.065][SEVERE]: Timed out receiving message from renderer: 0.100
[1582630554.166][SEVERE]: Timed out receiving message from renderer: 0.100
[1582630554.267][SEVERE]: Timed out receiving message from renderer: 0.100
[1582630554.369][SEVERE]: Timed out receiving message from renderer: 0.100
[1582630554.471][SEVERE]: Timed out receiving message from renderer: 0.100
[1582630554.572][SEVERE]: Timed out receiving message from renderer: 0.100
[1582630554.674][SEVERE]: Timed out receiving message from renderer: 0.100
[1582630554.776][SEVERE]: Timed out receiving message from renderer: 0.100
[1582630554.877][SEVERE]: Timed out receiving message from renderer: 0.100
[1582630554.979][SEVERE]: Timed out receiving message from renderer: 0.100
[1582630555.081][SEVERE]: Timed out receiving message from renderer: 0.100
[1582630555.182][SEVERE]: Timed out receiving message from renderer: 0.100
[1582630555.284][SEVERE]: Timed out receiving message from renderer: 0.100
[1582630555.386][SEVERE]: Timed out receiving message from renderer: 0.100
[1582630555.488][SEVERE]: Timed out receiving message from renderer: 0.100
[1582630555.590][SEVERE]: Timed out receiving message from renderer: 0.100
[1582630555.691][SEVERE]: Timed out receiving message from renderer: 0.100
[1582630555.793][SEVERE]: Timed out receiving message from renderer: 0.100
[1582630555.895][SEVERE]: Timed out receiving message from renderer: 0.100
[1582630555.996][SEVERE]: Timed out receiving message from renderer: 0.100
[1582630556.098][SEVERE]: Timed out receiving message from renderer: 0.100
[1582630556.200][SEVERE]: Timed out receiving message from renderer: 0.100
[1582630556.301][SEVERE]: Timed out receiving message from renderer: 0.100
[1582630556.402][SEVERE]: Timed out receiving message from renderer: 0.100
[1582630556.503][SEVERE]: Timed out receiving message from renderer: 0.100
[1582630556.605][SEVERE]: Timed out receiving message from renderer: 0.100
[1582630556.706][SEVERE]: Timed out receiving message from renderer: 0.100
[1582630556.807][SEVERE]: Timed out receiving message from renderer: 0.100
[1582630556.909][SEVERE]: Timed out receiving message from renderer: 0.100
[1582630557.011][SEVERE]: Timed out receiving message from renderer: 0.100
[1582630557.113][SEVERE]: Timed out receiving message from renderer: 0.100
[1582630557.214][SEVERE]: Timed out receiving message from renderer: 0.100
[1582630557.316][SEVERE]: Timed out receiving message from renderer: 0.100
[1582630557.418][SEVERE]: Timed out receiving message from renderer: 0.100
[1582630557.519][SEVERE]: Timed out receiving message from renderer: 0.100
[1582630557.620][SEVERE]: Timed out receiving message from renderer: 0.100
[1582630557.721][SEVERE]: Timed out receiving message from renderer: 0.100
[1582630557.822][SEVERE]: Timed out receiving message from renderer: 0.100
[1582630557.924][SEVERE]: Timed out receiving message from renderer: 0.100
[1582630558.026][SEVERE]: Timed out receiving message from renderer: 0.100
[1582630558.127][SEVERE]: Timed out receiving message from renderer: 0.100
[1582630558.228][SEVERE]: Timed out receiving message from renderer: 0.100
[1582630558.330][SEVERE]: Timed out receiving message from renderer: 0.100
[1582630558.431][SEVERE]: Timed out receiving message from renderer: 0.100
[1582630558.532][SEVERE]: Timed out receiving message from renderer: 0.100
[1582630558.635][SEVERE]: Timed out receiving message from renderer: 0.100
[1582630558.736][SEVERE]: Timed out receiving message from renderer: 0.100
[1582630558.837][SEVERE]: Timed out receiving message from renderer: 0.100
[1582630558.939][SEVERE]: Timed out receiving message from renderer: 0.100
[1582630559.041][SEVERE]: Timed out receiving message from renderer: 0.100
[1582630559.142][SEVERE]: Timed out receiving message from renderer: 0.100
[1582630559.244][SEVERE]: Timed out receiving message from renderer: 0.100
[1582630559.345][SEVERE]: Timed out receiving message from renderer: 0.100
[1582630559.449][SEVERE]: Timed out receiving message from renderer: 0.100
[1582630559.550][SEVERE]: Timed out receiving message from renderer: 0.100
[1582630559.652][SEVERE]: Timed out receiving message from renderer: 0.100
[1582630559.754][SEVERE]: Timed out receiving message from renderer: 0.100
[1582630559.856][SEVERE]: Timed out receiving message from renderer: 0.100
[1582630559.958][SEVERE]: Timed out receiving message from renderer: 0.100
[1582630560.059][SEVERE]: Timed out receiving message from renderer: 0.100
[1582630560.161][SEVERE]: Timed out receiving message from renderer: 0.100
[1582630560.262][SEVERE]: Timed out receiving message from renderer: 0.100
[1582630560.363][SEVERE]: Timed out receiving message from renderer: 0.100
[1582630560.465][SEVERE]: Timed out receiving message from renderer: 0.100
[1582630560.566][SEVERE]: Timed out receiving message from renderer: 0.100
[1582630560.667][SEVERE]: Timed out receiving message from renderer: 0.100
[1582630560.769][SEVERE]: Timed out receiving message from renderer: 0.100
[1582630560.870][SEVERE]: Timed out receiving message from renderer: 0.100
[1582630560.973][SEVERE]: Timed out receiving message from renderer: 0.100
[1582630561.074][SEVERE]: Timed out receiving message from renderer: 0.100
[1582630561.176][SEVERE]: Timed out receiving message from renderer: 0.100
[1582630561.277][SEVERE]: Timed out receiving message from renderer: 0.100
[1582630561.378][SEVERE]: Timed out receiving message from renderer: 0.100
[1582630561.480][SEVERE]: Timed out receiving message from renderer: 0.100
[1582630561.581][SEVERE]: Timed out receiving message from renderer: 0.100
[1582630561.683][SEVERE]: Timed out receiving message from renderer: 0.100
[1582630561.784][SEVERE]: Timed out receiving message from renderer: 0.100
[1582630561.885][SEVERE]: Timed out receiving message from renderer: 0.100
[1582630561.986][SEVERE]: Timed out receiving message from renderer: 0.100
[1582630562.088][SEVERE]: Timed out receiving message from renderer: 0.100
[1582630562.191][SEVERE]: Timed out receiving message from renderer: 0.100
[1582630562.292][SEVERE]: Timed out receiving message from renderer: 0.100
[1582630562.393][SEVERE]: Timed out receiving message from renderer: 0.100
[1582630562.495][SEVERE]: Timed out receiving message from renderer: 0.100
[1582630562.596][SEVERE]: Timed out receiving message from renderer: 0.100
[1582630562.697][SEVERE]: Timed out receiving message from renderer: 0.100
[1582630562.798][SEVERE]: Timed out receiving message from renderer: 0.100
[1582630562.900][SEVERE]: Timed out receiving message from renderer: 0.100
[1582630563.001][SEVERE]: Timed out receiving message from renderer: 0.100
[1582630563.102][SEVERE]: Timed out receiving message from renderer: 0.100
[1582630563.205][SEVERE]: Timed out receiving message from renderer: 0.100
[1582630563.306][SEVERE]: Timed out receiving message from renderer: 0.100
[1582630563.407][SEVERE]: Timed out receiving message from renderer: 0.100
[1582630563.509][SEVERE]: Timed out receiving message from renderer: 0.100
[1582630563.610][SEVERE]: Timed out receiving message from renderer: 0.100
[1582630563.711][SEVERE]: Timed out receiving message from renderer: 0.100
[1582630563.813][SEVERE]: Timed out receiving message from renderer: 0.100
[1582630563.914][SEVERE]: Timed out receiving message from renderer: 0.100
[1582630564.015][SEVERE]: Timed out receiving message from renderer: 0.100
[1582630564.117][SEVERE]: Timed out receiving message from renderer: 0.100
[1582630564.218][SEVERE]: Timed out receiving message from renderer: 0.100
[1582630564.322][SEVERE]: Timed out receiving message from renderer: 0.100
[1582630564.423][SEVERE]: Timed out receiving message from renderer: 0.100
[1582630564.525][SEVERE]: Timed out receiving message from renderer: 0.100
[1582630564.627][SEVERE]: Timed out receiving message from renderer: 0.100
[1582630564.728][SEVERE]: Timed out receiving message from renderer: 0.100
[1582630564.829][SEVERE]: Timed out receiving message from renderer: 0.100
[1582630564.930][SEVERE]: Timed out receiving message from renderer: 0.100
[1582630565.032][SEVERE]: Timed out receiving message from renderer: 0.100
[1582630565.133][SEVERE]: Timed out receiving message from renderer: 0.100
[1582630565.234][SEVERE]: Timed out receiving message from renderer: 0.100
[1582630565.336][SEVERE]: Timed out receiving message from renderer: 0.100
[1582630565.437][SEVERE]: Timed out receiving message from renderer: 0.100
[1582630565.538][SEVERE]: Timed out receiving message from renderer: 0.100
[1582630565.639][SEVERE]: Timed out receiving message from renderer: 0.100
[1582630565.740][SEVERE]: Timed out receiving message from renderer: 0.100
[1582630565.842][SEVERE]: Timed out receiving message from renderer: 0.100
[1582630565.943][SEVERE]: Timed out receiving message from renderer: 0.100
[1582630566.044][SEVERE]: Timed out receiving message from renderer: 0.100
[1582630566.145][SEVERE]: Timed out receiving message from renderer: 0.100
[1582630566.247][SEVERE]: Timed out receiving message from renderer: 0.100
[1582630566.348][SEVERE]: Timed out receiving message from renderer: 0.100
[1582630566.450][SEVERE]: Timed out receiving message from renderer: 0.100
[1582630566.553][SEVERE]: Timed out receiving message from renderer: 0.100
[1582630566.654][SEVERE]: Timed out receiving message from renderer: 0.100
[1582630566.755][SEVERE]: Timed out receiving message from renderer: 0.100
[1582630566.856][SEVERE]: Timed out receiving message from renderer: 0.100
[1582630566.957][SEVERE]: Timed out receiving message from renderer: 0.100
[1582630567.060][SEVERE]: Timed out receiving message from renderer: 0.100
[1582630567.161][SEVERE]: Timed out receiving message from renderer: 0.100
[1582630567.262][SEVERE]: Timed out receiving message from renderer: 0.100
[1582630567.364][SEVERE]: Timed out receiving message from renderer: 0.100
[1582630567.465][SEVERE]: Timed out receiving message from renderer: 0.100
[1582630567.567][SEVERE]: Timed out receiving message from renderer: 0.100
[1582630567.669][SEVERE]: Timed out receiving message from renderer: 0.100
[1582630567.770][SEVERE]: Timed out receiving message from renderer: 0.100
[1582630567.872][SEVERE]: Timed out receiving message from renderer: 0.100
[1582630567.973][SEVERE]: Timed out receiving message from renderer: 0.100
[1582630568.074][SEVERE]: Timed out receiving message from renderer: 0.100
[1582630568.175][SEVERE]: Timed out receiving message from renderer: 0.100
[1582630568.278][SEVERE]: Timed out receiving message from renderer: 0.100
[1582630568.379][SEVERE]: Timed out receiving message from renderer: 0.100
[1582630568.481][SEVERE]: Timed out receiving message from renderer: 0.100
[1582630568.582][SEVERE]: Timed out receiving message from renderer: 0.100
[1582630568.683][SEVERE]: Timed out receiving message from renderer: 0.100
[1582630568.784][SEVERE]: Timed out receiving message from renderer: 0.100
[1582630568.887][SEVERE]: Timed out receiving message from renderer: 0.100
[1582630568.988][SEVERE]: Timed out receiving message from renderer: 0.100
[1582630569.090][SEVERE]: Timed out receiving message from renderer: 0.100
[1582630569.191][SEVERE]: Timed out receiving message from renderer: 0.100
[1582630569.296][SEVERE]: Timed out receiving message from renderer: 0.100
[1582630569.398][SEVERE]: Timed out receiving message from renderer: 0.100
[1582630569.499][SEVERE]: Timed out receiving message from renderer: 0.100
[1582630569.601][SEVERE]: Timed out receiving message from renderer: 0.100
[1582630569.703][SEVERE]: Timed out receiving message from renderer: 0.100
[1582630569.805][SEVERE]: Timed out receiving message from renderer: 0.100
[1582630569.907][SEVERE]: Timed out receiving message from renderer: 0.100
[1582630570.009][SEVERE]: Timed out receiving message from renderer: 0.100
[1582630570.110][SEVERE]: Timed out receiving message from renderer: 0.100
[1582630570.211][SEVERE]: Timed out receiving message from renderer: 0.100
[1582630570.342][SEVERE]: Timed out receiving message from renderer: 0.100
[1582630570.444][SEVERE]: Timed out receiving message from renderer: 0.100
[1582630570.545][SEVERE]: Timed out receiving message from renderer: 0.100
[1582630570.647][SEVERE]: Timed out receiving message from renderer: 0.100
[1582630570.749][SEVERE]: Timed out receiving message from renderer: 0.100
[1582630570.850][SEVERE]: Timed out receiving message from renderer: 0.100
[1582630570.952][SEVERE]: Timed out receiving message from renderer: 0.100
[1582630571.053][SEVERE]: Timed out receiving message from renderer: 0.100
[1582630571.154][SEVERE]: Timed out receiving message from renderer: 0.100
[1582630571.256][SEVERE]: Timed out receiving message from renderer: 0.100
[1582630571.357][SEVERE]: Timed out receiving message from renderer: 0.100
[1582630571.459][SEVERE]: Timed out receiving message from renderer: 0.100
[1582630571.560][SEVERE]: Timed out receiving message from renderer: 0.100
[1582630571.662][SEVERE]: Timed out receiving message from renderer: 0.100
[1582630571.764][SEVERE]: Timed out receiving message from renderer: 0.100
[1582630571.867][SEVERE]: Timed out receiving message from renderer: 0.100
[1582630571.968][SEVERE]: Timed out receiving message from renderer: 0.100
[1582630572.069][SEVERE]: Timed out receiving message from renderer: 0.100
[1582630572.170][SEVERE]: Timed out receiving message from renderer: 0.100
[1582630572.272][SEVERE]: Timed out receiving message from renderer: 0.100
[1582630572.373][SEVERE]: Timed out receiving message from renderer: 0.100
[1582630572.474][SEVERE]: Timed out receiving message from renderer: 0.100
[1582630572.576][SEVERE]: Timed out receiving message from renderer: 0.100
[1582630572.677][SEVERE]: Timed out receiving message from renderer: 0.100
[1582630572.778][SEVERE]: Timed out receiving message from renderer: 0.100
[1582630572.879][SEVERE]: Timed out receiving message from renderer: 0.100
[1582630572.982][SEVERE]: Timed out receiving message from renderer: 0.100
[1582630573.083][SEVERE]: Timed out receiving message from renderer: 0.100
[1582630573.185][SEVERE]: Timed out receiving message from renderer: 0.100
[1582630573.286][SEVERE]: Timed out receiving message from renderer: 0.100
[1582630573.387][SEVERE]: Timed out receiving message from renderer: 0.100
[1582630573.489][SEVERE]: Timed out receiving message from renderer: 0.100
[1582630573.591][SEVERE]: Timed out receiving message from renderer: 0.100
[1582630573.692][SEVERE]: Timed out receiving message from renderer: 0.100
[1582630573.794][SEVERE]: Timed out receiving message from renderer: 0.100
[1582630573.896][SEVERE]: Timed out receiving message from renderer: 0.100
[1582630573.998][SEVERE]: Timed out receiving message from renderer: 0.100
[1582630574.099][SEVERE]: Timed out receiving message from renderer: 0.100
[1582630574.200][SEVERE]: Timed out receiving message from renderer: 0.100
[1582630574.301][SEVERE]: Timed out receiving message from renderer: 0.100
[1582630574.403][SEVERE]: Timed out receiving message from renderer: 0.100
[1582630574.504][SEVERE]: Timed out receiving message from renderer: 0.100
[1582630574.605][SEVERE]: Timed out receiving message from renderer: 0.100
[1582630574.707][SEVERE]: Timed out receiving message from renderer: 0.100
[1582630574.808][SEVERE]: Timed out receiving message from renderer: 0.100
[1582630574.909][SEVERE]: Timed out receiving message from renderer: 0.100
[1582630575.013][SEVERE]: Timed out receiving message from renderer: 0.100
[1582630575.114][SEVERE]: Timed out receiving message from renderer: 0.100
[1582630575.215][SEVERE]: Timed out receiving message from renderer: 0.100
[1582630575.317][SEVERE]: Timed out receiving message from renderer: 0.100
[1582630575.418][SEVERE]: Timed out receiving message from renderer: 0.100
[1582630575.519][SEVERE]: Timed out receiving message from renderer: 0.100
[1582630575.621][SEVERE]: Timed out receiving message from renderer: 0.100
[1582630575.722][SEVERE]: Timed out receiving message from renderer: 0.100
[1582630575.823][SEVERE]: Timed out receiving message from renderer: 0.100
[1582630575.925][SEVERE]: Timed out receiving message from renderer: 0.100
[1582630576.026][SEVERE]: Timed out receiving message from renderer: 0.100
[1582630576.128][SEVERE]: Timed out receiving message from renderer: 0.100
[1582630576.230][SEVERE]: Timed out receiving message from renderer: 0.100
[1582630576.332][SEVERE]: Timed out receiving message from renderer: 0.100
[1582630576.436][SEVERE]: Timed out receiving message from renderer: 0.100
[1582630576.537][SEVERE]: Timed out receiving message from renderer: 0.100
[1582630576.638][SEVERE]: Timed out receiving message from renderer: 0.100
[1582630576.740][SEVERE]: Timed out receiving message from renderer: 0.100
[1582630576.841][SEVERE]: Timed out receiving message from renderer: 0.100
[1582630576.942][SEVERE]: Timed out receiving message from renderer: 0.100
[1582630577.044][SEVERE]: Timed out receiving message from renderer: 0.100
[1582630577.146][SEVERE]: Timed out receiving message from renderer: 0.100
[1582630577.247][SEVERE]: Timed out receiving message from renderer: 0.100
[1582630577.349][SEVERE]: Timed out receiving message from renderer: 0.100
[1582630577.450][SEVERE]: Timed out receiving message from renderer: 0.100
[1582630577.552][SEVERE]: Timed out receiving message from renderer: 0.100
[1582630577.653][SEVERE]: Timed out receiving message from renderer: 0.100
[1582630577.754][SEVERE]: Timed out receiving message from renderer: 0.100
[1582630577.856][SEVERE]: Timed out receiving message from renderer: 0.100
[1582630577.958][SEVERE]: Timed out receiving message from renderer: 0.100
[1582630578.060][SEVERE]: Timed out receiving message from renderer: 0.100
[1582630578.162][SEVERE]: Timed out receiving message from renderer: 0.100
[1582630578.263][SEVERE]: Timed out receiving message from renderer: 0.100
[1582630578.364][SEVERE]: Timed out receiving message from renderer: 0.100
[1582630578.466][SEVERE]: Timed out receiving message from renderer: 0.100
[1582630578.567][SEVERE]: Timed out receiving message from renderer: 0.100
[1582630578.669][SEVERE]: Timed out receiving message from renderer: 0.100
[1582630578.770][SEVERE]: Timed out receiving message from renderer: 0.100
[1582630578.871][SEVERE]: Timed out receiving message from renderer: 0.100
[1582630578.973][SEVERE]: Timed out receiving message from renderer: 0.100
[1582630579.075][SEVERE]: Timed out receiving message from renderer: 0.100
[1582630579.177][SEVERE]: Timed out receiving message from renderer: 0.100
[1582630579.278][SEVERE]: Timed out receiving message from renderer: 0.100
[1582630579.382][SEVERE]: Timed out receiving message from renderer: 0.100
[1582630579.483][SEVERE]: Timed out receiving message from renderer: 0.100
[1582630579.585][SEVERE]: Timed out receiving message from renderer: 0.100
[1582630579.687][SEVERE]: Timed out receiving message from renderer: 0.100
[1582630579.789][SEVERE]: Timed out receiving message from renderer: 0.100
[1582630579.890][SEVERE]: Timed out receiving message from renderer: 0.100
[1582630579.992][SEVERE]: Timed out receiving message from renderer: 0.100
[1582630580.093][SEVERE]: Timed out receiving message from renderer: 0.100
[1582630580.194][SEVERE]: Timed out receiving message from renderer: 0.100
[1582630580.296][SEVERE]: Timed out receiving message from renderer: 0.100
[1582630580.397][SEVERE]: Timed out receiving message from renderer: 0.100
[1582630580.498][SEVERE]: Timed out receiving message from renderer: 0.100
[1582630580.599][SEVERE]: Timed out receiving message from renderer: 0.100
[1582630580.700][SEVERE]: Timed out receiving message from renderer: 0.100
[1582630580.802][SEVERE]: Timed out receiving message from renderer: 0.100
[1582630580.903][SEVERE]: Timed out receiving message from renderer: 0.100
[1582630581.005][SEVERE]: Timed out receiving message from renderer: 0.100
[1582630581.107][SEVERE]: Timed out receiving message from renderer: 0.100
[1582630581.209][SEVERE]: Timed out receiving message from renderer: 0.100
[1582630581.312][SEVERE]: Timed out receiving message from renderer: 0.100
[1582630581.413][SEVERE]: Timed out receiving message from renderer: 0.100
[1582630581.514][SEVERE]: Timed out receiving message from renderer: 0.100
[1582630581.616][SEVERE]: Timed out receiving message from renderer: 0.100
[1582630581.717][SEVERE]: Timed out receiving message from renderer: 0.100
[1582630581.819][SEVERE]: Timed out receiving message from renderer: 0.100
[1582630581.921][SEVERE]: Timed out receiving message from renderer: 0.100
[1582630582.022][SEVERE]: Timed out receiving message from renderer: 0.100
[1582630582.123][SEVERE]: Timed out receiving message from renderer: 0.100
[1582630582.226][SEVERE]: Timed out receiving message from renderer: 0.100
[1582630582.327][SEVERE]: Timed out receiving message from renderer: 0.100
[1582630582.428][SEVERE]: Timed out receiving message from renderer: 0.100
[1582630582.530][SEVERE]: Timed out receiving message from renderer: 0.100
[1582630582.632][SEVERE]: Timed out receiving message from renderer: 0.100
[1582630582.733][SEVERE]: Timed out receiving message from renderer: 0.100
[1582630582.835][SEVERE]: Timed out receiving message from renderer: 0.100
[1582630582.941][SEVERE]: Timed out receiving message from renderer: 0.100
[1582630583.043][SEVERE]: Timed out receiving message from renderer: 0.100
[1582630583.145][SEVERE]: Timed out receiving message from renderer: 0.100
[1582630583.246][SEVERE]: Timed out receiving message from renderer: 0.100
[1582630583.347][SEVERE]: Timed out receiving message from renderer: 0.100
[1582630583.448][SEVERE]: Timed out receiving message from renderer: 0.100
[1582630583.550][SEVERE]: Timed out receiving message from renderer: 0.100
[1582630583.651][SEVERE]: Timed out receiving message from renderer: 0.100
[1582630583.753][SEVERE]: Timed out receiving message from renderer: 0.100
[1582630583.855][SEVERE]: Timed out receiving message from renderer: 0.100
[1582630583.956][SEVERE]: Timed out receiving message from renderer: 0.100
[1582630584.057][SEVERE]: Timed out receiving message from renderer: 0.100
[1582630584.159][SEVERE]: Timed out receiving message from renderer: 0.100
[1582630584.261][SEVERE]: Timed out receiving message from renderer: 0.100
[1582630584.362][SEVERE]: Timed out receiving message from renderer: 0.100
[1582630584.464][SEVERE]: Timed out receiving message from renderer: 0.100
[1582630584.566][SEVERE]: Timed out receiving message from renderer: 0.100
[1582630584.667][SEVERE]: Timed out receiving message from renderer: 0.100
[1582630584.768][SEVERE]: Timed out receiving message from renderer: 0.100
[1582630584.870][SEVERE]: Timed out receiving message from renderer: 0.100
[1582630584.972][SEVERE]: Timed out receiving message from renderer: 0.100
[1582630585.074][SEVERE]: Timed out receiving message from renderer: 0.100
[1582630585.176][SEVERE]: Timed out receiving message from renderer: 0.100
[1582630585.277][SEVERE]: Timed out receiving message from renderer: 0.100
[1582630585.379][SEVERE]: Timed out receiving message from renderer: 0.100
[1582630585.480][SEVERE]: Timed out receiving message from renderer: 0.100
[1582630585.582][SEVERE]: Timed out receiving message from renderer: 0.100
[1582630585.683][SEVERE]: Timed out receiving message from renderer: 0.100
[1582630585.784][SEVERE]: Timed out receiving message from renderer: 0.100
[1582630585.886][SEVERE]: Timed out receiving message from renderer: 0.100
[1582630585.988][SEVERE]: Timed out receiving message from renderer: 0.100
[1582630586.090][SEVERE]: Timed out receiving message from renderer: 0.100
[1582630586.191][SEVERE]: Timed out receiving message from renderer: 0.100
[1582630586.292][SEVERE]: Timed out receiving message from renderer: 0.100
[1582630586.393][SEVERE]: Timed out receiving message from renderer: 0.100
[1582630586.495][SEVERE]: Timed out receiving message from renderer: 0.100
[1582630586.596][SEVERE]: Timed out receiving message from renderer: 0.100
[1582630586.698][SEVERE]: Timed out receiving message from renderer: 0.100
[1582630586.799][SEVERE]: Timed out receiving message from renderer: 0.100
[1582630586.901][SEVERE]: Timed out receiving message from renderer: 0.100
[1582630587.002][SEVERE]: Timed out receiving message from renderer: 0.100
[1582630587.104][SEVERE]: Timed out receiving message from renderer: 0.100
[1582630587.205][SEVERE]: Timed out receiving message from renderer: 0.100
[1582630587.307][SEVERE]: Timed out receiving message from renderer: 0.100
[1582630587.408][SEVERE]: Timed out receiving message from renderer: 0.100
[1582630587.510][SEVERE]: Timed out receiving message from renderer: 0.100
[1582630587.611][SEVERE]: Timed out receiving message from renderer: 0.100
[1582630587.712][SEVERE]: Timed out receiving message from renderer: 0.100
[1582630587.814][SEVERE]: Timed out receiving message from renderer: 0.100
[1582630587.915][SEVERE]: Timed out receiving message from renderer: 0.100
[1582630588.017][SEVERE]: Timed out receiving message from renderer: 0.100
[1582630588.118][SEVERE]: Timed out receiving message from renderer: 0.100
[1582630588.220][SEVERE]: Timed out receiving message from renderer: 0.100
[1582630588.321][SEVERE]: Timed out receiving message from renderer: 0.100
[1582630588.424][SEVERE]: Timed out receiving message from renderer: 0.100
[1582630588.774][SEVERE]: Timed out receiving message from renderer: 0.100
[1582630588.875][SEVERE]: Timed out receiving message from renderer: 0.100
[1582630588.977][SEVERE]: Timed out receiving message from renderer: 0.100
[1582630589.078][SEVERE]: Timed out receiving message from renderer: 0.100
[1582630589.179][SEVERE]: Timed out receiving message from renderer: 0.100
[1582630589.281][SEVERE]: Timed out receiving message from renderer: 0.100
[1582630589.383][SEVERE]: Timed out receiving message from renderer: 0.100
[1582630589.484][SEVERE]: Timed out receiving message from renderer: 0.100
[1582630589.585][SEVERE]: Timed out receiving message from renderer: 0.100
[1582630589.687][SEVERE]: Timed out receiving message from renderer: 0.100
[1582630589.789][SEVERE]: Timed out receiving message from renderer: 0.100
[1582630589.890][SEVERE]: Timed out receiving message from renderer: 0.100
[1582630589.992][SEVERE]: Timed out receiving message from renderer: 0.100
[1582630590.093][SEVERE]: Timed out receiving message from renderer: 0.100
[1582630590.195][SEVERE]: Timed out receiving message from renderer: 0.100
[1582630590.326][SEVERE]: Timed out receiving message from renderer: 0.100
[1582630590.427][SEVERE]: Timed out receiving message from renderer: 0.100
[1582630590.529][SEVERE]: Timed out receiving message from renderer: 0.100
[1582630590.630][SEVERE]: Timed out receiving message from renderer: 0.100
[1582630590.733][SEVERE]: Timed out receiving message from renderer: 0.100
[1582630590.834][SEVERE]: Timed out receiving message from renderer: 0.100
[1582630590.935][SEVERE]: Timed out receiving message from renderer: 0.100
[1582630591.037][SEVERE]: Timed out receiving message from renderer: 0.100
[1582630591.139][SEVERE]: Timed out receiving message from renderer: 0.100
[1582630591.240][SEVERE]: Timed out receiving message from renderer: 0.100
[1582630591.341][SEVERE]: Timed out receiving message from renderer: 0.100
[1582630591.443][SEVERE]: Timed out receiving message from renderer: 0.100
[1582630591.545][SEVERE]: Timed out receiving message from renderer: 0.100
[1582630591.646][SEVERE]: Timed out receiving message from renderer: 0.100
[1582630591.749][SEVERE]: Timed out receiving message from renderer: 0.100
[1582630591.851][SEVERE]: Timed out receiving message from renderer: 0.100
[1582630591.952][SEVERE]: Timed out receiving message from renderer: 0.100
[1582630592.054][SEVERE]: Timed out receiving message from renderer: 0.100
[1582630592.156][SEVERE]: Timed out receiving message from renderer: 0.100
[1582630592.261][SEVERE]: Timed out receiving message from renderer: 0.100
[1582630592.362][SEVERE]: Timed out receiving message from renderer: 0.100
[1582630592.463][SEVERE]: Timed out receiving message from renderer: 0.100
[1582630592.565][SEVERE]: Timed out receiving message from renderer: 0.100
[1582630592.667][SEVERE]: Timed out receiving message from renderer: 0.100
[1582630592.770][SEVERE]: Timed out receiving message from renderer: 0.100
[1582630592.871][SEVERE]: Timed out receiving message from renderer: 0.100
[1582630592.973][SEVERE]: Timed out receiving message from renderer: 0.100
[1582630593.074][SEVERE]: Timed out receiving message from renderer: 0.100
[1582630593.175][SEVERE]: Timed out receiving message from renderer: 0.100
[1582630593.292][SEVERE]: Timed out receiving message from renderer: 0.100
[1582630593.393][SEVERE]: Timed out receiving message from renderer: 0.100
[1582630593.495][SEVERE]: Timed out receiving message from renderer: 0.100
[1582630593.597][SEVERE]: Timed out receiving message from renderer: 0.100
[1582630593.698][SEVERE]: Timed out receiving message from renderer: 0.100
[1582630593.799][SEVERE]: Timed out receiving message from renderer: 0.100
[1582630593.901][SEVERE]: Timed out receiving message from renderer: 0.100
[1582630594.003][SEVERE]: Timed out receiving message from renderer: 0.100
[1582630594.105][SEVERE]: Timed out receiving message from renderer: 0.100
[1582630594.207][SEVERE]: Timed out receiving message from renderer: 0.100
[1582630594.310][SEVERE]: Timed out receiving message from renderer: 0.100
[1582630594.411][SEVERE]: Timed out receiving message from renderer: 0.100
[1582630594.513][SEVERE]: Timed out receiving message from renderer: 0.100
[1582630594.614][SEVERE]: Timed out receiving message from renderer: 0.100
[1582630594.715][SEVERE]: Timed out receiving message from renderer: 0.100
[1582630594.816][SEVERE]: Timed out receiving message from renderer: 0.100
[1582630594.918][SEVERE]: Timed out receiving message from renderer: 0.100
[1582630595.019][SEVERE]: Timed out receiving message from renderer: 0.100
[1582630595.121][SEVERE]: Timed out receiving message from renderer: 0.100
[1582630595.224][SEVERE]: Timed out receiving message from renderer: 0.100
[1582630595.325][SEVERE]: Timed out receiving message from renderer: 0.100
[1582630595.427][SEVERE]: Timed out receiving message from renderer: 0.100
[1582630595.528][SEVERE]: Timed out receiving message from renderer: 0.100
[1582630595.638][SEVERE]: Timed out receiving message from renderer: 0.100
[1582630595.740][SEVERE]: Timed out receiving message from renderer: 0.100
[1582630595.843][SEVERE]: Timed out receiving message from renderer: 0.100
[1582630595.946][SEVERE]: Timed out receiving message from renderer: 0.100
[1582630596.047][SEVERE]: Timed out receiving message from renderer: 0.100
[1582630596.149][SEVERE]: Timed out receiving message from renderer: 0.100
[1582630596.250][SEVERE]: Timed out receiving message from renderer: 0.100
[1582630596.353][SEVERE]: Timed out receiving message from renderer: 0.100
[1582630596.454][SEVERE]: Timed out receiving message from renderer: 0.100
[1582630596.556][SEVERE]: Timed out receiving message from renderer: 0.100
[1582630596.657][SEVERE]: Timed out receiving message from renderer: 0.100
[1582630596.758][SEVERE]: Timed out receiving message from renderer: 0.100
[1582630596.860][SEVERE]: Timed out receiving message from renderer: 0.100
[1582630596.962][SEVERE]: Timed out receiving message from renderer: 0.100
[1582630597.067][SEVERE]: Timed out receiving message from renderer: 0.100
[1582630597.168][SEVERE]: Timed out receiving message from renderer: 0.100
[1582630597.272][SEVERE]: Timed out receiving message from renderer: 0.100
[1582630597.374][SEVERE]: Timed out receiving message from renderer: 0.100
[1582630597.476][SEVERE]: Timed out receiving message from renderer: 0.100
[1582630597.578][SEVERE]: Timed out receiving message from renderer: 0.100
[1582630597.680][SEVERE]: Timed out receiving message from renderer: 0.100
[1582630597.782][SEVERE]: Timed out receiving message from renderer: 0.100
[1582630597.883][SEVERE]: Timed out receiving message from renderer: 0.100
[1582630597.985][SEVERE]: Timed out receiving message from renderer: 0.100
[1582630598.086][SEVERE]: Timed out receiving message from renderer: 0.100
[1582630598.188][SEVERE]: Timed out receiving message from renderer: 0.100
[1582630598.289][SEVERE]: Timed out receiving message from renderer: 0.100
[1582630598.391][SEVERE]: Timed out receiving message from renderer: 0.100
[1582630598.494][SEVERE]: Timed out receiving message from renderer: 0.100
[1582630598.599][SEVERE]: Timed out receiving message from renderer: 0.100
[1582630598.700][SEVERE]: Timed out receiving message from renderer: 0.100
[1582630598.802][SEVERE]: Timed out receiving message from renderer: 0.100
[1582630598.903][SEVERE]: Timed out receiving message from renderer: 0.100
[1582630599.005][SEVERE]: Timed out receiving message from renderer: 0.100
[1582630599.106][SEVERE]: Timed out receiving message from renderer: 0.100
[1582630599.208][SEVERE]: Timed out receiving message from renderer: 0.100
[1582630599.310][SEVERE]: Timed out receiving message from renderer: 0.100
[1582630599.411][SEVERE]: Timed out receiving message from renderer: 0.100
[1582630599.512][SEVERE]: Timed out receiving message from renderer: 0.100
[1582630599.613][SEVERE]: Timed out receiving message from renderer: 0.100
[1582630599.714][SEVERE]: Timed out receiving message from renderer: 0.100
[1582630599.816][SEVERE]: Timed out receiving message from renderer: 0.100
[1582630599.917][SEVERE]: Timed out receiving message from renderer: 0.100
[1582630600.019][SEVERE]: Timed out receiving message from renderer: 0.100
[1582630600.121][SEVERE]: Timed out receiving message from renderer: 0.100
[1582630600.223][SEVERE]: Timed out receiving message from renderer: 0.100
[1582630600.324][SEVERE]: Timed out receiving message from renderer: 0.100
[1582630600.426][SEVERE]: Timed out receiving message from renderer: 0.100
[1582630600.527][SEVERE]: Timed out receiving message from renderer: 0.100
[1582630600.629][SEVERE]: Timed out receiving message from renderer: 0.100
[1582630600.730][SEVERE]: Timed out receiving message from renderer: 0.100
[1582630600.832][SEVERE]: Timed out receiving message from renderer: 0.100
[1582630600.933][SEVERE]: Timed out receiving message from renderer: 0.100
[1582630601.034][SEVERE]: Timed out receiving message from renderer: 0.100
[1582630601.135][SEVERE]: Timed out receiving message from renderer: 0.100
[1582630601.237][SEVERE]: Timed out receiving message from renderer: 0.100
[1582630601.338][SEVERE]: Timed out receiving message from renderer: 0.100
[1582630601.440][SEVERE]: Timed out receiving message from renderer: 0.100
[1582630601.541][SEVERE]: Timed out receiving message from renderer: 0.100
[1582630601.646][SEVERE]: Timed out receiving message from renderer: 0.100
[1582630601.747][SEVERE]: Timed out receiving message from renderer: 0.100
[1582630601.849][SEVERE]: Timed out receiving message from renderer: 0.100
[1582630601.950][SEVERE]: Timed out receiving message from renderer: 0.100
[1582630602.051][SEVERE]: Timed out receiving message from renderer: 0.100
[1582630602.152][SEVERE]: Timed out receiving message from renderer: 0.100
[1582630602.253][SEVERE]: Timed out receiving message from renderer: 0.100
[1582630602.355][SEVERE]: Timed out receiving message from renderer: 0.100
[1582630602.457][SEVERE]: Timed out receiving message from renderer: 0.100
[1582630602.559][SEVERE]: Timed out receiving message from renderer: 0.100
[1582630602.660][SEVERE]: Timed out receiving message from renderer: 0.100
[1582630602.761][SEVERE]: Timed out receiving message from renderer: 0.100
[1582630602.863][SEVERE]: Timed out receiving message from renderer: 0.100
[1582630602.964][SEVERE]: Timed out receiving message from renderer: 0.100
[1582630603.066][SEVERE]: Timed out receiving message from renderer: 0.100
[1582630603.167][SEVERE]: Timed out receiving message from renderer: 0.100
[1582630603.269][SEVERE]: Timed out receiving message from renderer: 0.100
[1582630603.371][SEVERE]: Timed out receiving message from renderer: 0.100
[1582630603.473][SEVERE]: Timed out receiving message from renderer: 0.100
[1582630603.574][SEVERE]: Timed out receiving message from renderer: 0.100
[1582630603.676][SEVERE]: Timed out receiving message from renderer: 0.100
[1582630603.777][SEVERE]: Timed out receiving message from renderer: 0.100
[1582630603.879][SEVERE]: Timed out receiving message from renderer: 0.100
[1582630603.981][SEVERE]: Timed out receiving message from renderer: 0.100
[1582630604.082][SEVERE]: Timed out receiving message from renderer: 0.100
[1582630604.184][SEVERE]: Timed out receiving message from renderer: 0.100
[1582630604.287][SEVERE]: Timed out receiving message from renderer: 0.100
[1582630604.389][SEVERE]: Timed out receiving message from renderer: 0.100
[1582630604.490][SEVERE]: Timed out receiving message from renderer: 0.100
[1582630604.592][SEVERE]: Timed out receiving message from renderer: 0.100
[1582630604.693][SEVERE]: Timed out receiving message from renderer: 0.100
[1582630604.794][SEVERE]: Timed out receiving message from renderer: 0.100
[1582630604.896][SEVERE]: Timed out receiving message from renderer: 0.100
[1582630604.997][SEVERE]: Timed out receiving message from renderer: 0.100
[1582630605.099][SEVERE]: Timed out receiving message from renderer: 0.100
[1582630605.200][SEVERE]: Timed out receiving message from renderer: 0.100
[1582630605.303][SEVERE]: Timed out receiving message from renderer: 0.100
[1582630605.404][SEVERE]: Timed out receiving message from renderer: 0.100
[1582630605.506][SEVERE]: Timed out receiving message from renderer: 0.100
[1582630605.607][SEVERE]: Timed out receiving message from renderer: 0.100
[1582630605.708][SEVERE]: Timed out receiving message from renderer: 0.100
[1582630605.810][SEVERE]: Timed out receiving message from renderer: 0.100
[1582630605.911][SEVERE]: Timed out receiving message from renderer: 0.100
[1582630606.013][SEVERE]: Timed out receiving message from renderer: 0.100
[1582630606.114][SEVERE]: Timed out receiving message from renderer: 0.100
[1582630606.216][SEVERE]: Timed out receiving message from renderer: 0.100
[1582630606.318][SEVERE]: Timed out receiving message from renderer: 0.100
[1582630606.419][SEVERE]: Timed out receiving message from renderer: 0.100
[1582630606.521][SEVERE]: Timed out receiving message from renderer: 0.100
[1582630606.624][SEVERE]: Timed out receiving message from renderer: 0.100
[1582630606.727][SEVERE]: Timed out receiving message from renderer: 0.100
[1582630606.828][SEVERE]: Timed out receiving message from renderer: 0.100
[1582630606.929][SEVERE]: Timed out receiving message from renderer: 0.100
[1582630607.032][SEVERE]: Timed out receiving message from renderer: 0.100
[1582630607.134][SEVERE]: Timed out receiving message from renderer: 0.100
[1582630607.237][SEVERE]: Timed out receiving message from renderer: 0.100
[1582630607.342][SEVERE]: Timed out receiving message from renderer: 0.100
[1582630607.447][SEVERE]: Timed out receiving message from renderer: 0.100
[1582630607.550][SEVERE]: Timed out receiving message from renderer: 0.100
[1582630607.652][SEVERE]: Timed out receiving message from renderer: 0.100
[1582630607.754][SEVERE]: Timed out receiving message from renderer: 0.100
[1582630607.857][SEVERE]: Timed out receiving message from renderer: 0.100
[1582630607.958][SEVERE]: Timed out receiving message from renderer: 0.100
[1582630608.059][SEVERE]: Timed out receiving message from renderer: 0.100
[1582630608.161][SEVERE]: Timed out receiving message from renderer: 0.100
[1582630608.267][SEVERE]: Timed out receiving message from renderer: 0.100
[1582630608.370][SEVERE]: Timed out receiving message from renderer: 0.100
[1582630608.471][SEVERE]: Timed out receiving message from renderer: 0.100
[1582630608.573][SEVERE]: Timed out receiving message from renderer: 0.100
[1582630608.675][SEVERE]: Timed out receiving message from renderer: 0.100
[1582630608.776][SEVERE]: Timed out receiving message from renderer: 0.100
[1582630608.877][SEVERE]: Timed out receiving message from renderer: 0.100
[1582630608.979][SEVERE]: Timed out receiving message from renderer: 0.100
[1582630609.080][SEVERE]: Timed out receiving message from renderer: 0.100
[1582630609.181][SEVERE]: Timed out receiving message from renderer: 0.100
[1582630609.283][SEVERE]: Timed out receiving message from renderer: 0.100
[1582630609.384][SEVERE]: Timed out receiving message from renderer: 0.100
[1582630609.486][SEVERE]: Timed out receiving message from renderer: 0.100
[1582630609.588][SEVERE]: Timed out receiving message from renderer: 0.100
[1582630609.690][SEVERE]: Timed out receiving message from renderer: 0.100
[1582630609.791][SEVERE]: Timed out receiving message from renderer: 0.100
[1582630609.893][SEVERE]: Timed out receiving message from renderer: 0.100
[1582630609.994][SEVERE]: Timed out receiving message from renderer: 0.100
[1582630610.095][SEVERE]: Timed out receiving message from renderer: 0.100
[1582630610.196][SEVERE]: Timed out receiving message from renderer: 0.100
[1582630610.298][SEVERE]: Timed out receiving message from renderer: 0.100
[1582630610.401][SEVERE]: Timed out receiving message from renderer: 0.100
[1582630610.502][SEVERE]: Timed out receiving message from renderer: 0.100
[1582630610.603][SEVERE]: Timed out receiving message from renderer: 0.100
[1582630610.705][SEVERE]: Timed out receiving message from renderer: 0.100
[1582630610.807][SEVERE]: Timed out receiving message from renderer: 0.100
[1582630610.909][SEVERE]: Timed out receiving message from renderer: 0.100
[1582630611.010][SEVERE]: Timed out receiving message from renderer: 0.100
[1582630611.111][SEVERE]: Timed out receiving message from renderer: 0.100
[1582630611.213][SEVERE]: Timed out receiving message from renderer: 0.100
[1582630611.314][SEVERE]: Timed out receiving message from renderer: 0.100
[1582630611.416][SEVERE]: Timed out receiving message from renderer: 0.100
[1582630611.519][SEVERE]: Timed out receiving message from renderer: 0.100
[1582630611.621][SEVERE]: Timed out receiving message from renderer: 0.100
[1582630611.723][SEVERE]: Timed out receiving message from renderer: 0.100
[1582630611.825][SEVERE]: Timed out receiving message from renderer: 0.100
[1582630611.926][SEVERE]: Timed out receiving message from renderer: 0.100
[1582630612.028][SEVERE]: Timed out receiving message from renderer: 0.100
[1582630612.130][SEVERE]: Timed out receiving message from renderer: 0.100
[1582630612.232][SEVERE]: Timed out receiving message from renderer: 0.100
[1582630612.333][SEVERE]: Timed out receiving message from renderer: 0.100
[1582630612.435][SEVERE]: Timed out receiving message from renderer: 0.100
[1582630612.536][SEVERE]: Timed out receiving message from renderer: 0.100
[1582630612.637][SEVERE]: Timed out receiving message from renderer: 0.100
[1582630612.739][SEVERE]: Timed out receiving message from renderer: 0.100
[1582630612.840][SEVERE]: Timed out receiving message from renderer: 0.100
[1582630612.942][SEVERE]: Timed out receiving message from renderer: 0.100
[1582630613.043][SEVERE]: Timed out receiving message from renderer: 0.100
[1582630613.145][SEVERE]: Timed out receiving message from renderer: 0.100
[1582630613.247][SEVERE]: Timed out receiving message from renderer: 0.100
[1582630613.350][SEVERE]: Timed out receiving message from renderer: 0.100
[1582630613.452][SEVERE]: Timed out receiving message from renderer: 0.100
[1582630613.553][SEVERE]: Timed out receiving message from renderer: 0.100
[1582630613.655][SEVERE]: Timed out receiving message from renderer: 0.100
[1582630613.756][SEVERE]: Timed out receiving message from renderer: 0.100
[1582630613.858][SEVERE]: Timed out receiving message from renderer: 0.100
[1582630613.960][SEVERE]: Timed out receiving message from renderer: 0.100
[1582630614.065][SEVERE]: Timed out receiving message from renderer: 0.100
[1582630614.167][SEVERE]: Timed out receiving message from renderer: 0.100
[1582630614.268][SEVERE]: Timed out receiving message from renderer: 0.100
[1582630614.371][SEVERE]: Timed out receiving message from renderer: 0.100
[1582630614.475][SEVERE]: Timed out receiving message from renderer: 0.100
[1582630614.579][SEVERE]: Timed out receiving message from renderer: 0.100
[1582630614.681][SEVERE]: Timed out receiving message from renderer: 0.100
[1582630614.783][SEVERE]: Timed out receiving message from renderer: 0.100
[1582630614.884][SEVERE]: Timed out receiving message from renderer: 0.100
[1582630614.986][SEVERE]: Timed out receiving message from renderer: 0.100
[1582630615.087][SEVERE]: Timed out receiving message from renderer: 0.100
[1582630615.188][SEVERE]: Timed out receiving message from renderer: 0.100
[1582630615.289][SEVERE]: Timed out receiving message from renderer: 0.100
[1582630615.390][SEVERE]: Timed out receiving message from renderer: 0.100
[1582630615.493][SEVERE]: Timed out receiving message from renderer: 0.100
[1582630615.594][SEVERE]: Timed out receiving message from renderer: 0.100
[1582630615.696][SEVERE]: Timed out receiving message from renderer: 0.100
[1582630615.797][SEVERE]: Timed out receiving message from renderer: 0.100
[1582630615.899][SEVERE]: Timed out receiving message from renderer: 0.100
[1582630616.001][SEVERE]: Timed out receiving message from renderer: 0.100
[1582630616.102][SEVERE]: Timed out receiving message from renderer: 0.100
[1582630616.203][SEVERE]: Timed out receiving message from renderer: 0.100
[1582630616.305][SEVERE]: Timed out receiving message from renderer: 0.100
[1582630616.406][SEVERE]: Timed out receiving message from renderer: 0.100
[1582630616.508][SEVERE]: Timed out receiving message from renderer: 0.100
[1582630616.609][SEVERE]: Timed out receiving message from renderer: 0.100
[1582630616.712][SEVERE]: Timed out receiving message from renderer: 0.100
[1582630616.813][SEVERE]: Timed out receiving message from renderer: 0.100
[1582630616.915][SEVERE]: Timed out receiving message from renderer: 0.100
[1582630617.016][SEVERE]: Timed out receiving message from renderer: 0.100
[1582630617.117][SEVERE]: Timed out receiving message from renderer: 0.100
[1582630617.218][SEVERE]: Timed out receiving message from renderer: 0.100
[1582630617.320][SEVERE]: Timed out receiving message from renderer: 0.100
[1582630617.422][SEVERE]: Timed out receiving message from renderer: 0.100
[1582630617.524][SEVERE]: Timed out receiving message from renderer: 0.100
[1582630617.625][SEVERE]: Timed out receiving message from renderer: 0.100
[1582630617.728][SEVERE]: Timed out receiving message from renderer: 0.100
[1582630617.829][SEVERE]: Timed out receiving message from renderer: 0.100
[1582630617.930][SEVERE]: Timed out receiving message from renderer: 0.100
[1582630618.032][SEVERE]: Timed out receiving message from renderer: 0.100
[1582630618.133][SEVERE]: Timed out receiving message from renderer: 0.100
[1582630618.234][SEVERE]: Timed out receiving message from renderer: 0.100
[1582630618.335][SEVERE]: Timed out receiving message from renderer: 0.100
[1582630618.437][SEVERE]: Timed out receiving message from renderer: 0.100
[1582630618.538][SEVERE]: Timed out receiving message from renderer: 0.100
[1582630618.640][SEVERE]: Timed out receiving message from renderer: 0.100
[1582630618.743][SEVERE]: Timed out receiving message from renderer: 0.100
[1582630618.845][SEVERE]: Timed out receiving message from renderer: 0.100
[1582630618.947][SEVERE]: Timed out receiving message from renderer: 0.100
[1582630619.049][SEVERE]: Timed out receiving message from renderer: 0.100
[1582630619.150][SEVERE]: Timed out receiving message from renderer: 0.100
[1582630619.251][SEVERE]: Timed out receiving message from renderer: 0.100
[1582630619.353][SEVERE]: Timed out receiving message from renderer: 0.100
[1582630619.455][SEVERE]: Timed out receiving message from renderer: 0.100
[1582630619.556][SEVERE]: Timed out receiving message from renderer: 0.100
[1582630619.658][SEVERE]: Timed out receiving message from renderer: 0.100
[1582630619.761][SEVERE]: Timed out receiving message from renderer: 0.100
[1582630619.863][SEVERE]: Timed out receiving message from renderer: 0.100
[1582630619.964][SEVERE]: Timed out receiving message from renderer: 0.100
[1582630620.066][SEVERE]: Timed out receiving message from renderer: 0.100
[1582630620.167][SEVERE]: Timed out receiving message from renderer: 0.100
[1582630620.268][SEVERE]: Timed out receiving message from renderer: 0.100
[1582630620.370][SEVERE]: Timed out receiving message from renderer: 0.100
[1582630620.472][SEVERE]: Timed out receiving message from renderer: 0.100
[1582630620.573][SEVERE]: Timed out receiving message from renderer: 0.100
[1582630620.676][SEVERE]: Timed out receiving message from renderer: 0.100
[1582630620.777][SEVERE]: Timed out receiving message from renderer: 0.100
[1582630620.879][SEVERE]: Timed out receiving message from renderer: 0.100
[1582630620.980][SEVERE]: Timed out receiving message from renderer: 0.100
[1582630621.083][SEVERE]: Timed out receiving message from renderer: 0.100
[1582630621.184][SEVERE]: Timed out receiving message from renderer: 0.100
[1582630621.285][SEVERE]: Timed out receiving message from renderer: 0.100
[1582630621.386][SEVERE]: Timed out receiving message from renderer: 0.100
[1582630621.488][SEVERE]: Timed out receiving message from renderer: 0.100
[1582630621.589][SEVERE]: Timed out receiving message from renderer: 0.100
[1582630621.692][SEVERE]: Timed out receiving message from renderer: 0.100
[1582630621.793][SEVERE]: Timed out receiving message from renderer: 0.100
[1582630621.895][SEVERE]: Timed out receiving message from renderer: 0.100
[1582630621.996][SEVERE]: Timed out receiving message from renderer: 0.100
[1582630622.097][SEVERE]: Timed out receiving message from renderer: 0.100
[1582630622.198][SEVERE]: Timed out receiving message from renderer: 0.100
[1582630622.299][SEVERE]: Timed out receiving message from renderer: 0.100
[1582630622.402][SEVERE]: Timed out receiving message from renderer: 0.100
[1582630622.503][SEVERE]: Timed out receiving message from renderer: 0.100
[1582630622.608][SEVERE]: Timed out receiving message from renderer: 0.100
[1582630622.709][SEVERE]: Timed out receiving message from renderer: 0.100
[1582630622.810][SEVERE]: Timed out receiving message from renderer: 0.100
[1582630622.911][SEVERE]: Timed out receiving message from renderer: 0.100
[1582630623.013][SEVERE]: Timed out receiving message from renderer: 0.100
]]></system-err>
  </testcase>
</testsuite>